#
# There is insufficient memory for the Java Runtime Environment to continue.
# Native memory allocation (malloc) failed to allocate 32744 bytes for ChunkPool::allocate
# Possible reasons:
#   The system is out of physical RAM or swap space
#   The process is running with CompressedOops enabled, and the Java Heap may be blocking the growth of the native heap
# Possible solutions:
#   Reduce memory load on the system
#   Increase physical memory or swap space
#   Check if swap backing store is full
#   Decrease Java heap size (-Xmx/-Xms)
#   Decrease number of Java threads
#   Decrease Java thread stack sizes (-Xss)
#   Set larger code cache with -XX:ReservedCodeCacheSize=
#   JVM is running with Unscaled Compressed Oops mode in which the Java heap is
#     placed in the first 4GB address space. The Java Heap base address is the
#     maximum limit for the native heap growth. Please use -XX:HeapBaseMinAddress
#     to set the Java Heap base and to place the Java Heap above 4GB virtual address.
# This output file may be truncated or incomplete.
#
#  Out of Memory Error (arena.cpp:78), pid=3248, tid=15328
#
# JRE version: OpenJDK Runtime Environment (17.0.1+12) (build 17.0.1+12-39)
# Java VM: OpenJDK 64-Bit Server VM (17.0.1+12-39, mixed mode, sharing, tiered, compressed oops, compressed class ptrs, g1 gc, windows-amd64)
# No core dump will be written. Minidumps are not enabled by default on client versions of Windows
#

---------------  S U M M A R Y ------------

Command Line: -javaagent:C:\Program Files\JetBrains\IntelliJ IDEA Community Edition 2021.3\lib\idea_rt.jar=61123:C:\Program Files\JetBrains\IntelliJ IDEA Community Edition 2021.3\bin -Dfile.encoding=UTF-8 com.example.demo.MyWebAppApplication

Host: Intel(R) Core(TM) i5-8400 CPU @ 2.80GHz, 6 cores, 7G,  Windows 10 , 64 bit Build 19041 (10.0.19041.1348)
Time: Tue Dec 21 13:13:53 2021 W. Europe Standard Time elapsed time: 5.694581 seconds (0d 0h 0m 5s)

---------------  T H R E A D  ---------------

Current thread (0x0000029179c6f540):  JavaThread "C2 CompilerThread0" daemon [_thread_in_native, id=15328, stack(0x000000ba1e900000,0x000000ba1ea00000)]


Current CompileTask:
C2:   5694 2578   !   4       jdk.internal.loader.BuiltinClassLoader::loadClassOrNull (143 bytes)

Stack: [0x000000ba1e900000,0x000000ba1ea00000]
Native frames: (J=compiled Java code, j=interpreted, Vv=VM code, C=native code)
V  [jvm.dll+0x66fa1a]
V  [jvm.dll+0x7ce5a4]
V  [jvm.dll+0x7cfd4e]
V  [jvm.dll+0x7d03b3]
V  [jvm.dll+0x242b05]
V  [jvm.dll+0xaa2a0]
V  [jvm.dll+0xaa5ec]
V  [jvm.dll+0x11b5b8]
V  [jvm.dll+0x698e6b]
V  [jvm.dll+0x1b99e4]
V  [jvm.dll+0x215d49]
V  [jvm.dll+0x215011]
V  [jvm.dll+0x1a168d]
V  [jvm.dll+0x224848]
V  [jvm.dll+0x2229ac]
V  [jvm.dll+0x78435b]
V  [jvm.dll+0x77e91a]
V  [jvm.dll+0x66e845]
C  [ucrtbase.dll+0x21bb2]
C  [KERNEL32.DLL+0x17034]
C  [ntdll.dll+0x52651]


---------------  P R O C E S S  ---------------

Threads class SMR info:
_java_thread_list=0x000002917b66d640, length=14, elements={
0x0000029168dccc90, 0x0000029179c62540, 0x0000029179c641d0, 0x0000029179c77c60,
0x0000029179c78810, 0x0000029179c7c2e0, 0x0000029179c815a0, 0x0000029179c6f540,
0x0000029179c70980, 0x0000029179cbdbe0, 0x000002917a89b7d0, 0x000002917aacfe50,
0x000002917aad0320, 0x0000029179c713a0
}

Java Threads: ( => current thread )
  0x0000029168dccc90 JavaThread "main" [_thread_in_vm, id=5732, stack(0x000000ba1dd00000,0x000000ba1de00000)]
  0x0000029179c62540 JavaThread "Reference Handler" daemon [_thread_blocked, id=4376, stack(0x000000ba1e300000,0x000000ba1e400000)]
  0x0000029179c641d0 JavaThread "Finalizer" daemon [_thread_blocked, id=14684, stack(0x000000ba1e400000,0x000000ba1e500000)]
  0x0000029179c77c60 JavaThread "Signal Dispatcher" daemon [_thread_blocked, id=14544, stack(0x000000ba1e500000,0x000000ba1e600000)]
  0x0000029179c78810 JavaThread "Attach Listener" daemon [_thread_blocked, id=13672, stack(0x000000ba1e600000,0x000000ba1e700000)]
  0x0000029179c7c2e0 JavaThread "Service Thread" daemon [_thread_blocked, id=14536, stack(0x000000ba1e700000,0x000000ba1e800000)]
  0x0000029179c815a0 JavaThread "Monitor Deflation Thread" daemon [_thread_blocked, id=7704, stack(0x000000ba1e800000,0x000000ba1e900000)]
=>0x0000029179c6f540 JavaThread "C2 CompilerThread0" daemon [_thread_in_native, id=15328, stack(0x000000ba1e900000,0x000000ba1ea00000)]
  0x0000029179c70980 JavaThread "C1 CompilerThread0" daemon [_thread_in_native, id=14632, stack(0x000000ba1ea00000,0x000000ba1eb00000)]
  0x0000029179cbdbe0 JavaThread "Sweeper thread" daemon [_thread_blocked, id=13964, stack(0x000000ba1eb00000,0x000000ba1ec00000)]
  0x000002917a89b7d0 JavaThread "Common-Cleaner" daemon [_thread_blocked, id=10464, stack(0x000000ba1ec00000,0x000000ba1ed00000)]
  0x000002917aacfe50 JavaThread "Monitor Ctrl-Break" daemon [_thread_in_native, id=12472, stack(0x000000ba1ed00000,0x000000ba1ee00000)]
  0x000002917aad0320 JavaThread "Notification Thread" daemon [_thread_blocked, id=14812, stack(0x000000ba1ee00000,0x000000ba1ef00000)]
  0x0000029179c713a0 JavaThread "C2 CompilerThread1" daemon [_thread_in_native, id=13868, stack(0x000000ba1f600000,0x000000ba1f700000)]

Other Threads:
  0x0000029179c56f80 VMThread "VM Thread" [stack: 0x000000ba1e200000,0x000000ba1e300000] [id=10232]
  0x0000029168d5bf80 WatcherThread [stack: 0x000000ba1ef00000,0x000000ba1f000000] [id=12048]
  0x000002916b0a5fe0 GCTaskThread "GC Thread#0" [stack: 0x000000ba1dc00000,0x000000ba1dd00000] [id=8420]
  0x000002917b193f30 GCTaskThread "GC Thread#1" [stack: 0x000000ba1f000000,0x000000ba1f100000] [id=15136]
  0x000002917b190310 GCTaskThread "GC Thread#2" [stack: 0x000000ba1f100000,0x000000ba1f200000] [id=6368]
  0x000002917b1a7430 GCTaskThread "GC Thread#3" [stack: 0x000000ba1f200000,0x000000ba1f300000] [id=14488]
  0x000002917b1a76e0 GCTaskThread "GC Thread#4" [stack: 0x000000ba1f300000,0x000000ba1f400000] [id=7504]
  0x000002917b249600 GCTaskThread "GC Thread#5" [stack: 0x000000ba1f400000,0x000000ba1f500000] [id=6664]
  0x000002916b0b6e30 ConcurrentGCThread "G1 Main Marker" [stack: 0x000000ba1de00000,0x000000ba1df00000] [id=7304]
  0x000002916b0b83b0 ConcurrentGCThread "G1 Conc#0" [stack: 0x000000ba1df00000,0x000000ba1e000000] [id=7488]
  0x000002916b10d8d0 ConcurrentGCThread "G1 Refine#0" [stack: 0x000000ba1e000000,0x000000ba1e100000] [id=2984]
  0x000002917a9fd870 ConcurrentGCThread "G1 Refine#1" [stack: 0x000000ba1f500000,0x000000ba1f600000] [id=3780]
  0x000002916b10e580 ConcurrentGCThread "G1 Service" [stack: 0x000000ba1e100000,0x000000ba1e200000] [id=9992]

Threads with active compile tasks:
C2 CompilerThread0     5804 2578   !   4       jdk.internal.loader.BuiltinClassLoader::loadClassOrNull (143 bytes)
C1 CompilerThread0     5804 2731       3       org.springframework.asm.Frame::execute (2305 bytes)
C2 CompilerThread1     5804 2723       4       org.springframework.beans.factory.support.AbstractBeanFactory::isTypeMatch (607 bytes)

VM state: not at safepoint (normal execution)

VM Mutex/Monitor currently owned by a thread:  ([mutex/lock_event])
[0x000002916b03cfd0] Metaspace_lock - owner thread: 0x0000029168dccc90

Heap address: 0x0000000081c00000, size: 2020 MB, Compressed Oops mode: 32-bit

CDS archive(s) mapped at: [0x0000000800000000-0x0000000800bc0000-0x0000000800bc0000), size 12320768, SharedBaseAddress: 0x0000000800000000, ArchiveRelocationMode: 0.
Compressed class space mapped at: 0x0000000800c00000-0x0000000840c00000, reserved size: 1073741824
Narrow klass base: 0x0000000800000000, Narrow klass shift: 0, Narrow klass range: 0x100000000

GC Precious Log:
 CPUs: 6 total, 6 available
 Memory: 8078M
 Large Page Support: Disabled
 NUMA Support: Disabled
 Compressed Oops: Enabled (32-bit)
 Heap Region Size: 1M
 Heap Min Capacity: 8M
 Heap Initial Capacity: 128M
 Heap Max Capacity: 2020M
 Pre-touch: Disabled
 Parallel Workers: 6
 Concurrent Workers: 2
 Concurrent Refinement Workers: 6
 Periodic GC: Disabled

Heap:
 garbage-first heap   total 131072K, used 52377K [0x0000000081c00000, 0x0000000100000000)
  region size 1024K, 47 young (48128K), 3 survivors (3072K)
 Metaspace       used 20126K, committed 20352K, reserved 1073152K
  class space    used 2503K, committed 2624K, reserved 1048576K

Heap Regions: E=young(eden), S=young(survivor), O=old, HS=humongous(starts), HC=humongous(continues), CS=collection set, F=free, OA=open archive, CA=closed archive, TAMS=top-at-mark-start (previous, next)
|   0|0x0000000081c00000, 0x0000000081d00000, 0x0000000081d00000|100%|HS|  |TAMS 0x0000000081c00000, 0x0000000081c00000| Complete 
|   1|0x0000000081d00000, 0x0000000081e00000, 0x0000000081e00000|100%| O|  |TAMS 0x0000000081d00000, 0x0000000081d00000| Untracked 
|   2|0x0000000081e00000, 0x0000000081f00000, 0x0000000081f00000|100%| O|  |TAMS 0x0000000081e00000, 0x0000000081e00000| Untracked 
|   3|0x0000000081f00000, 0x0000000082000000, 0x0000000082000000|100%| O|  |TAMS 0x0000000081f00000, 0x0000000081f00000| Untracked 
|   4|0x0000000082000000, 0x0000000082100000, 0x0000000082100000|100%| O|  |TAMS 0x0000000082000000, 0x0000000082000000| Untracked 
|   5|0x0000000082100000, 0x0000000082200000, 0x0000000082200000|100%| O|  |TAMS 0x0000000082100000, 0x0000000082100000| Untracked 
|   6|0x0000000082200000, 0x00000000822d4800, 0x0000000082300000| 83%| O|  |TAMS 0x0000000082200000, 0x0000000082200000| Untracked 
|   7|0x0000000082300000, 0x0000000082300000, 0x0000000082400000|  0%| F|  |TAMS 0x0000000082300000, 0x0000000082300000| Untracked 
|   8|0x0000000082400000, 0x0000000082400000, 0x0000000082500000|  0%| F|  |TAMS 0x0000000082400000, 0x0000000082400000| Untracked 
|   9|0x0000000082500000, 0x0000000082500000, 0x0000000082600000|  0%| F|  |TAMS 0x0000000082500000, 0x0000000082500000| Untracked 
|  10|0x0000000082600000, 0x0000000082600000, 0x0000000082700000|  0%| F|  |TAMS 0x0000000082600000, 0x0000000082600000| Untracked 
|  11|0x0000000082700000, 0x0000000082700000, 0x0000000082800000|  0%| F|  |TAMS 0x0000000082700000, 0x0000000082700000| Untracked 
|  12|0x0000000082800000, 0x0000000082800000, 0x0000000082900000|  0%| F|  |TAMS 0x0000000082800000, 0x0000000082800000| Untracked 
|  13|0x0000000082900000, 0x0000000082900000, 0x0000000082a00000|  0%| F|  |TAMS 0x0000000082900000, 0x0000000082900000| Untracked 
|  14|0x0000000082a00000, 0x0000000082a00000, 0x0000000082b00000|  0%| F|  |TAMS 0x0000000082a00000, 0x0000000082a00000| Untracked 
|  15|0x0000000082b00000, 0x0000000082b00000, 0x0000000082c00000|  0%| F|  |TAMS 0x0000000082b00000, 0x0000000082b00000| Untracked 
|  16|0x0000000082c00000, 0x0000000082c00000, 0x0000000082d00000|  0%| F|  |TAMS 0x0000000082c00000, 0x0000000082c00000| Untracked 
|  17|0x0000000082d00000, 0x0000000082d00000, 0x0000000082e00000|  0%| F|  |TAMS 0x0000000082d00000, 0x0000000082d00000| Untracked 
|  18|0x0000000082e00000, 0x0000000082e00000, 0x0000000082f00000|  0%| F|  |TAMS 0x0000000082e00000, 0x0000000082e00000| Untracked 
|  19|0x0000000082f00000, 0x0000000082f00000, 0x0000000083000000|  0%| F|  |TAMS 0x0000000082f00000, 0x0000000082f00000| Untracked 
|  20|0x0000000083000000, 0x0000000083000000, 0x0000000083100000|  0%| F|  |TAMS 0x0000000083000000, 0x0000000083000000| Untracked 
|  21|0x0000000083100000, 0x0000000083100000, 0x0000000083200000|  0%| F|  |TAMS 0x0000000083100000, 0x0000000083100000| Untracked 
|  22|0x0000000083200000, 0x0000000083200000, 0x0000000083300000|  0%| F|  |TAMS 0x0000000083200000, 0x0000000083200000| Untracked 
|  23|0x0000000083300000, 0x0000000083300000, 0x0000000083400000|  0%| F|  |TAMS 0x0000000083300000, 0x0000000083300000| Untracked 
|  24|0x0000000083400000, 0x0000000083400000, 0x0000000083500000|  0%| F|  |TAMS 0x0000000083400000, 0x0000000083400000| Untracked 
|  25|0x0000000083500000, 0x0000000083500000, 0x0000000083600000|  0%| F|  |TAMS 0x0000000083500000, 0x0000000083500000| Untracked 
|  26|0x0000000083600000, 0x0000000083600000, 0x0000000083700000|  0%| F|  |TAMS 0x0000000083600000, 0x0000000083600000| Untracked 
|  27|0x0000000083700000, 0x0000000083700000, 0x0000000083800000|  0%| F|  |TAMS 0x0000000083700000, 0x0000000083700000| Untracked 
|  28|0x0000000083800000, 0x0000000083800000, 0x0000000083900000|  0%| F|  |TAMS 0x0000000083800000, 0x0000000083800000| Untracked 
|  29|0x0000000083900000, 0x0000000083900000, 0x0000000083a00000|  0%| F|  |TAMS 0x0000000083900000, 0x0000000083900000| Untracked 
|  30|0x0000000083a00000, 0x0000000083a00000, 0x0000000083b00000|  0%| F|  |TAMS 0x0000000083a00000, 0x0000000083a00000| Untracked 
|  31|0x0000000083b00000, 0x0000000083b00000, 0x0000000083c00000|  0%| F|  |TAMS 0x0000000083b00000, 0x0000000083b00000| Untracked 
|  32|0x0000000083c00000, 0x0000000083c00000, 0x0000000083d00000|  0%| F|  |TAMS 0x0000000083c00000, 0x0000000083c00000| Untracked 
|  33|0x0000000083d00000, 0x0000000083d00000, 0x0000000083e00000|  0%| F|  |TAMS 0x0000000083d00000, 0x0000000083d00000| Untracked 
|  34|0x0000000083e00000, 0x0000000083e00000, 0x0000000083f00000|  0%| F|  |TAMS 0x0000000083e00000, 0x0000000083e00000| Untracked 
|  35|0x0000000083f00000, 0x0000000083f00000, 0x0000000084000000|  0%| F|  |TAMS 0x0000000083f00000, 0x0000000083f00000| Untracked 
|  36|0x0000000084000000, 0x0000000084000000, 0x0000000084100000|  0%| F|  |TAMS 0x0000000084000000, 0x0000000084000000| Untracked 
|  37|0x0000000084100000, 0x0000000084100000, 0x0000000084200000|  0%| F|  |TAMS 0x0000000084100000, 0x0000000084100000| Untracked 
|  38|0x0000000084200000, 0x0000000084200000, 0x0000000084300000|  0%| F|  |TAMS 0x0000000084200000, 0x0000000084200000| Untracked 
|  39|0x0000000084300000, 0x0000000084300000, 0x0000000084400000|  0%| F|  |TAMS 0x0000000084300000, 0x0000000084300000| Untracked 
|  40|0x0000000084400000, 0x0000000084400000, 0x0000000084500000|  0%| F|  |TAMS 0x0000000084400000, 0x0000000084400000| Untracked 
|  41|0x0000000084500000, 0x0000000084500000, 0x0000000084600000|  0%| F|  |TAMS 0x0000000084500000, 0x0000000084500000| Untracked 
|  42|0x0000000084600000, 0x0000000084600000, 0x0000000084700000|  0%| F|  |TAMS 0x0000000084600000, 0x0000000084600000| Untracked 
|  43|0x0000000084700000, 0x0000000084700000, 0x0000000084800000|  0%| F|  |TAMS 0x0000000084700000, 0x0000000084700000| Untracked 
|  44|0x0000000084800000, 0x0000000084800000, 0x0000000084900000|  0%| F|  |TAMS 0x0000000084800000, 0x0000000084800000| Untracked 
|  45|0x0000000084900000, 0x0000000084900000, 0x0000000084a00000|  0%| F|  |TAMS 0x0000000084900000, 0x0000000084900000| Untracked 
|  46|0x0000000084a00000, 0x0000000084a00000, 0x0000000084b00000|  0%| F|  |TAMS 0x0000000084a00000, 0x0000000084a00000| Untracked 
|  47|0x0000000084b00000, 0x0000000084b00000, 0x0000000084c00000|  0%| F|  |TAMS 0x0000000084b00000, 0x0000000084b00000| Untracked 
|  48|0x0000000084c00000, 0x0000000084c00000, 0x0000000084d00000|  0%| F|  |TAMS 0x0000000084c00000, 0x0000000084c00000| Untracked 
|  49|0x0000000084d00000, 0x0000000084d00000, 0x0000000084e00000|  0%| F|  |TAMS 0x0000000084d00000, 0x0000000084d00000| Untracked 
|  50|0x0000000084e00000, 0x0000000084e00000, 0x0000000084f00000|  0%| F|  |TAMS 0x0000000084e00000, 0x0000000084e00000| Untracked 
|  51|0x0000000084f00000, 0x0000000084f00000, 0x0000000085000000|  0%| F|  |TAMS 0x0000000084f00000, 0x0000000084f00000| Untracked 
|  52|0x0000000085000000, 0x0000000085000000, 0x0000000085100000|  0%| F|  |TAMS 0x0000000085000000, 0x0000000085000000| Untracked 
|  53|0x0000000085100000, 0x0000000085100000, 0x0000000085200000|  0%| F|  |TAMS 0x0000000085100000, 0x0000000085100000| Untracked 
|  54|0x0000000085200000, 0x0000000085200000, 0x0000000085300000|  0%| F|  |TAMS 0x0000000085200000, 0x0000000085200000| Untracked 
|  55|0x0000000085300000, 0x0000000085300000, 0x0000000085400000|  0%| F|  |TAMS 0x0000000085300000, 0x0000000085300000| Untracked 
|  56|0x0000000085400000, 0x0000000085400000, 0x0000000085500000|  0%| F|  |TAMS 0x0000000085400000, 0x0000000085400000| Untracked 
|  57|0x0000000085500000, 0x0000000085500000, 0x0000000085600000|  0%| F|  |TAMS 0x0000000085500000, 0x0000000085500000| Untracked 
|  58|0x0000000085600000, 0x0000000085600000, 0x0000000085700000|  0%| F|  |TAMS 0x0000000085600000, 0x0000000085600000| Untracked 
|  59|0x0000000085700000, 0x0000000085700000, 0x0000000085800000|  0%| F|  |TAMS 0x0000000085700000, 0x0000000085700000| Untracked 
|  60|0x0000000085800000, 0x0000000085800000, 0x0000000085900000|  0%| F|  |TAMS 0x0000000085800000, 0x0000000085800000| Untracked 
|  61|0x0000000085900000, 0x0000000085900000, 0x0000000085a00000|  0%| F|  |TAMS 0x0000000085900000, 0x0000000085900000| Untracked 
|  62|0x0000000085a00000, 0x0000000085a00000, 0x0000000085b00000|  0%| F|  |TAMS 0x0000000085a00000, 0x0000000085a00000| Untracked 
|  63|0x0000000085b00000, 0x0000000085b00000, 0x0000000085c00000|  0%| F|  |TAMS 0x0000000085b00000, 0x0000000085b00000| Untracked 
|  64|0x0000000085c00000, 0x0000000085c00000, 0x0000000085d00000|  0%| F|  |TAMS 0x0000000085c00000, 0x0000000085c00000| Untracked 
|  65|0x0000000085d00000, 0x0000000085d00000, 0x0000000085e00000|  0%| F|  |TAMS 0x0000000085d00000, 0x0000000085d00000| Untracked 
|  66|0x0000000085e00000, 0x0000000085e00000, 0x0000000085f00000|  0%| F|  |TAMS 0x0000000085e00000, 0x0000000085e00000| Untracked 
|  67|0x0000000085f00000, 0x0000000085f00000, 0x0000000086000000|  0%| F|  |TAMS 0x0000000085f00000, 0x0000000085f00000| Untracked 
|  68|0x0000000086000000, 0x0000000086000000, 0x0000000086100000|  0%| F|  |TAMS 0x0000000086000000, 0x0000000086000000| Untracked 
|  69|0x0000000086100000, 0x0000000086100000, 0x0000000086200000|  0%| F|  |TAMS 0x0000000086100000, 0x0000000086100000| Untracked 
|  70|0x0000000086200000, 0x0000000086200000, 0x0000000086300000|  0%| F|  |TAMS 0x0000000086200000, 0x0000000086200000| Untracked 
|  71|0x0000000086300000, 0x0000000086300000, 0x0000000086400000|  0%| F|  |TAMS 0x0000000086300000, 0x0000000086300000| Untracked 
|  72|0x0000000086400000, 0x0000000086400000, 0x0000000086500000|  0%| F|  |TAMS 0x0000000086400000, 0x0000000086400000| Untracked 
|  73|0x0000000086500000, 0x0000000086500000, 0x0000000086600000|  0%| F|  |TAMS 0x0000000086500000, 0x0000000086500000| Untracked 
|  74|0x0000000086600000, 0x0000000086600000, 0x0000000086700000|  0%| F|  |TAMS 0x0000000086600000, 0x0000000086600000| Untracked 
|  75|0x0000000086700000, 0x0000000086700000, 0x0000000086800000|  0%| F|  |TAMS 0x0000000086700000, 0x0000000086700000| Untracked 
|  76|0x0000000086800000, 0x0000000086800000, 0x0000000086900000|  0%| F|  |TAMS 0x0000000086800000, 0x0000000086800000| Untracked 
|  77|0x0000000086900000, 0x0000000086900000, 0x0000000086a00000|  0%| F|  |TAMS 0x0000000086900000, 0x0000000086900000| Untracked 
|  78|0x0000000086a00000, 0x0000000086a00000, 0x0000000086b00000|  0%| F|  |TAMS 0x0000000086a00000, 0x0000000086a00000| Untracked 
|  79|0x0000000086b00000, 0x0000000086b51e50, 0x0000000086c00000| 31%| S|CS|TAMS 0x0000000086b00000, 0x0000000086b00000| Complete 
|  80|0x0000000086c00000, 0x0000000086d00000, 0x0000000086d00000|100%| S|CS|TAMS 0x0000000086c00000, 0x0000000086c00000| Complete 
|  81|0x0000000086d00000, 0x0000000086e00000, 0x0000000086e00000|100%| S|CS|TAMS 0x0000000086d00000, 0x0000000086d00000| Complete 
|  82|0x0000000086e00000, 0x0000000086e00000, 0x0000000086f00000|  0%| F|  |TAMS 0x0000000086e00000, 0x0000000086e00000| Untracked 
|  83|0x0000000086f00000, 0x0000000086f00000, 0x0000000087000000|  0%| F|  |TAMS 0x0000000086f00000, 0x0000000086f00000| Untracked 
|  84|0x0000000087000000, 0x0000000087100000, 0x0000000087100000|100%| E|  |TAMS 0x0000000087000000, 0x0000000087000000| Complete 
|  85|0x0000000087100000, 0x0000000087200000, 0x0000000087200000|100%| E|CS|TAMS 0x0000000087100000, 0x0000000087100000| Complete 
|  86|0x0000000087200000, 0x0000000087300000, 0x0000000087300000|100%| E|CS|TAMS 0x0000000087200000, 0x0000000087200000| Complete 
|  87|0x0000000087300000, 0x0000000087400000, 0x0000000087400000|100%| E|CS|TAMS 0x0000000087300000, 0x0000000087300000| Complete 
|  88|0x0000000087400000, 0x0000000087500000, 0x0000000087500000|100%| E|CS|TAMS 0x0000000087400000, 0x0000000087400000| Complete 
|  89|0x0000000087500000, 0x0000000087600000, 0x0000000087600000|100%| E|CS|TAMS 0x0000000087500000, 0x0000000087500000| Complete 
|  90|0x0000000087600000, 0x0000000087700000, 0x0000000087700000|100%| E|CS|TAMS 0x0000000087600000, 0x0000000087600000| Complete 
|  91|0x0000000087700000, 0x0000000087800000, 0x0000000087800000|100%| E|CS|TAMS 0x0000000087700000, 0x0000000087700000| Complete 
|  92|0x0000000087800000, 0x0000000087900000, 0x0000000087900000|100%| E|CS|TAMS 0x0000000087800000, 0x0000000087800000| Complete 
|  93|0x0000000087900000, 0x0000000087a00000, 0x0000000087a00000|100%| E|CS|TAMS 0x0000000087900000, 0x0000000087900000| Complete 
|  94|0x0000000087a00000, 0x0000000087b00000, 0x0000000087b00000|100%| E|CS|TAMS 0x0000000087a00000, 0x0000000087a00000| Complete 
|  95|0x0000000087b00000, 0x0000000087c00000, 0x0000000087c00000|100%| E|CS|TAMS 0x0000000087b00000, 0x0000000087b00000| Complete 
|  96|0x0000000087c00000, 0x0000000087d00000, 0x0000000087d00000|100%| E|CS|TAMS 0x0000000087c00000, 0x0000000087c00000| Complete 
|  97|0x0000000087d00000, 0x0000000087e00000, 0x0000000087e00000|100%| E|CS|TAMS 0x0000000087d00000, 0x0000000087d00000| Complete 
|  98|0x0000000087e00000, 0x0000000087f00000, 0x0000000087f00000|100%| E|CS|TAMS 0x0000000087e00000, 0x0000000087e00000| Complete 
|  99|0x0000000087f00000, 0x0000000088000000, 0x0000000088000000|100%| E|CS|TAMS 0x0000000087f00000, 0x0000000087f00000| Complete 
| 100|0x0000000088000000, 0x0000000088100000, 0x0000000088100000|100%| E|CS|TAMS 0x0000000088000000, 0x0000000088000000| Complete 
| 101|0x0000000088100000, 0x0000000088200000, 0x0000000088200000|100%| E|CS|TAMS 0x0000000088100000, 0x0000000088100000| Complete 
| 102|0x0000000088200000, 0x0000000088300000, 0x0000000088300000|100%| E|CS|TAMS 0x0000000088200000, 0x0000000088200000| Complete 
| 103|0x0000000088300000, 0x0000000088400000, 0x0000000088400000|100%| E|CS|TAMS 0x0000000088300000, 0x0000000088300000| Complete 
| 104|0x0000000088400000, 0x0000000088500000, 0x0000000088500000|100%| E|CS|TAMS 0x0000000088400000, 0x0000000088400000| Complete 
| 105|0x0000000088500000, 0x0000000088600000, 0x0000000088600000|100%| E|CS|TAMS 0x0000000088500000, 0x0000000088500000| Complete 
| 106|0x0000000088600000, 0x0000000088700000, 0x0000000088700000|100%| E|CS|TAMS 0x0000000088600000, 0x0000000088600000| Complete 
| 107|0x0000000088700000, 0x0000000088800000, 0x0000000088800000|100%| E|CS|TAMS 0x0000000088700000, 0x0000000088700000| Complete 
| 108|0x0000000088800000, 0x0000000088900000, 0x0000000088900000|100%| E|CS|TAMS 0x0000000088800000, 0x0000000088800000| Complete 
| 109|0x0000000088900000, 0x0000000088a00000, 0x0000000088a00000|100%| E|CS|TAMS 0x0000000088900000, 0x0000000088900000| Complete 
| 110|0x0000000088a00000, 0x0000000088b00000, 0x0000000088b00000|100%| E|CS|TAMS 0x0000000088a00000, 0x0000000088a00000| Complete 
| 111|0x0000000088b00000, 0x0000000088c00000, 0x0000000088c00000|100%| E|CS|TAMS 0x0000000088b00000, 0x0000000088b00000| Complete 
| 112|0x0000000088c00000, 0x0000000088d00000, 0x0000000088d00000|100%| E|CS|TAMS 0x0000000088c00000, 0x0000000088c00000| Complete 
| 113|0x0000000088d00000, 0x0000000088e00000, 0x0000000088e00000|100%| E|CS|TAMS 0x0000000088d00000, 0x0000000088d00000| Complete 
| 114|0x0000000088e00000, 0x0000000088f00000, 0x0000000088f00000|100%| E|CS|TAMS 0x0000000088e00000, 0x0000000088e00000| Complete 
| 115|0x0000000088f00000, 0x0000000089000000, 0x0000000089000000|100%| E|CS|TAMS 0x0000000088f00000, 0x0000000088f00000| Complete 
| 116|0x0000000089000000, 0x0000000089100000, 0x0000000089100000|100%| E|CS|TAMS 0x0000000089000000, 0x0000000089000000| Complete 
| 117|0x0000000089100000, 0x0000000089200000, 0x0000000089200000|100%| E|CS|TAMS 0x0000000089100000, 0x0000000089100000| Complete 
| 118|0x0000000089200000, 0x0000000089300000, 0x0000000089300000|100%| E|CS|TAMS 0x0000000089200000, 0x0000000089200000| Complete 
| 119|0x0000000089300000, 0x0000000089400000, 0x0000000089400000|100%| E|CS|TAMS 0x0000000089300000, 0x0000000089300000| Complete 
| 120|0x0000000089400000, 0x0000000089500000, 0x0000000089500000|100%| E|CS|TAMS 0x0000000089400000, 0x0000000089400000| Complete 
| 121|0x0000000089500000, 0x0000000089600000, 0x0000000089600000|100%| E|CS|TAMS 0x0000000089500000, 0x0000000089500000| Complete 
| 122|0x0000000089600000, 0x0000000089700000, 0x0000000089700000|100%| E|CS|TAMS 0x0000000089600000, 0x0000000089600000| Complete 
| 123|0x0000000089700000, 0x0000000089800000, 0x0000000089800000|100%| E|  |TAMS 0x0000000089700000, 0x0000000089700000| Complete 
| 124|0x0000000089800000, 0x0000000089900000, 0x0000000089900000|100%| E|CS|TAMS 0x0000000089800000, 0x0000000089800000| Complete 
| 125|0x0000000089900000, 0x0000000089a00000, 0x0000000089a00000|100%| E|CS|TAMS 0x0000000089900000, 0x0000000089900000| Complete 
| 126|0x0000000089a00000, 0x0000000089b00000, 0x0000000089b00000|100%| E|CS|TAMS 0x0000000089a00000, 0x0000000089a00000| Complete 
| 127|0x0000000089b00000, 0x0000000089c00000, 0x0000000089c00000|100%| E|CS|TAMS 0x0000000089b00000, 0x0000000089b00000| Complete 

Card table byte_map: [0x0000029172d40000,0x0000029173140000] _byte_map_base: 0x0000029172932000

Marking Bits (Prev, Next): (CMBitMap*) 0x000002916b0a65f0, (CMBitMap*) 0x000002916b0a6630
 Prev Bits: [0x0000029173540000, 0x00000291754d0000)
 Next Bits: [0x00000291754d0000, 0x0000029177460000)

Polling page: 0x0000029168f20000

Metaspace:

Usage:
  Non-class:     17.21 MB used.
      Class:      2.44 MB used.
       Both:     19.65 MB used.

Virtual space:
  Non-class space:       24.00 MB reserved,      17.31 MB ( 72%) committed,  3 nodes.
      Class space:        1.00 GB reserved,       2.56 MB ( <1%) committed,  1 nodes.
             Both:        1.02 GB reserved,      19.88 MB (  2%) committed. 

Chunk freelists:
   Non-Class:  1.73 MB
       Class:  1.43 MB
        Both:  3.17 MB

MaxMetaspaceSize: unlimited
CompressedClassSpaceSize: 1.00 GB
Initial GC threshold: 21.00 MB
Current GC threshold: 21.00 MB
CDS: on
MetaspaceReclaimPolicy: balanced
 - commit_granule_bytes: 65536.
 - commit_granule_words: 8192.
 - virtual_space_node_default_size: 1048576.
 - enlarge_chunks_in_place: 1.
 - new_chunks_are_fully_committed: 0.
 - uncommit_free_chunks: 1.
 - use_allocation_guard: 0.
 - handle_deallocations: 1.


Internal statistics:

num_allocs_failed_limit: 0.
num_arena_births: 224.
num_arena_deaths: 0.
num_vsnodes_births: 4.
num_vsnodes_deaths: 0.
num_space_committed: 318.
num_space_uncommitted: 0.
num_chunks_returned_to_freelist: 0.
num_chunks_taken_from_freelist: 926.
num_chunk_merges: 0.
num_chunk_splits: 638.
num_chunks_enlarged: 480.
num_purges: 0.
num_inconsistent_stats: 0.

CodeHeap 'non-profiled nmethods': size=120000Kb used=1163Kb max_used=1163Kb free=118836Kb
 bounds [0x0000029107ad0000, 0x0000029107d40000, 0x000002910f000000]
CodeHeap 'profiled nmethods': size=120000Kb used=5679Kb max_used=5679Kb free=114320Kb
 bounds [0x00000291005a0000, 0x0000029100b30000, 0x0000029107ad0000]
CodeHeap 'non-nmethods': size=5760Kb used=1179Kb max_used=1259Kb free=4580Kb
 bounds [0x0000029100000000, 0x0000029100270000, 0x00000291005a0000]
 total_blobs=3197 nmethods=2728 adapters=381
 compilation: enabled
              stopped_count=0, restarted_count=0
 full_count=0

Compilation events (20 events):
Event: 5.629 Thread 0x0000029179c70980 2717       3       org.springframework.beans.BeanMetadataAttributeAccessor::setAttribute (15 bytes)
Event: 5.630 Thread 0x0000029179c70980 nmethod 2717 0x0000029100b26210 code [0x0000029100b26420, 0x0000029100b26b48]
Event: 5.630 Thread 0x0000029179c70980 2719       3       org.springframework.core.annotation.TypeMappedAnnotations::scan (62 bytes)
Event: 5.630 Thread 0x0000029179c713a0 nmethod 2711 0x0000029107bf2110 code [0x0000029107bf22c0, 0x0000029107bf27c8]
Event: 5.630 Thread 0x0000029179c70980 nmethod 2719 0x0000029100b26e10 code [0x0000029100b26fe0, 0x0000029100b273e8]
Event: 5.630 Thread 0x0000029179c70980 2718       3       org.springframework.beans.BeanMetadataAttribute::<init> (21 bytes)
Event: 5.630 Thread 0x0000029179c70980 nmethod 2718 0x0000029100b27510 code [0x0000029100b276e0, 0x0000029100b27a88]
Event: 5.632 Thread 0x0000029179c70980 2720       3       java.lang.Boolean::equals (29 bytes)
Event: 5.633 Thread 0x0000029179c70980 nmethod 2720 0x0000029100b27c10 code [0x0000029100b27dc0, 0x0000029100b281b8]
Event: 5.636 Thread 0x0000029179c70980 2721   !   3       jdk.proxy2.$Proxy26::annotationType (29 bytes)
Event: 5.636 Thread 0x0000029179c70980 nmethod 2721 0x0000029100b28290 code [0x0000029100b28460, 0x0000029100b28858]
Event: 5.637 Thread 0x0000029179c70980 2722       3       org.springframework.core.annotation.AnnotationFilter::matches (13 bytes)
Event: 5.637 Thread 0x0000029179c70980 nmethod 2722 0x0000029100b28a10 code [0x0000029100b28bc0, 0x0000029100b28e58]
Event: 5.638 Thread 0x0000029179c713a0 2723       4       org.springframework.beans.factory.support.AbstractBeanFactory::isTypeMatch (607 bytes)
Event: 5.639 Thread 0x0000029179c70980 2724       3       org.springframework.beans.BeanMetadataAttributeAccessor::getAttribute (22 bytes)
Event: 5.640 Thread 0x0000029179c70980 nmethod 2724 0x0000029100b28f90 code [0x0000029100b29180, 0x0000029100b296b8]
Event: 5.640 Thread 0x0000029179c70980 2725       3       org.springframework.core.AttributeAccessorSupport::getAttribute (17 bytes)
Event: 5.640 Thread 0x0000029179c70980 nmethod 2725 0x0000029100b29890 code [0x0000029100b29a60, 0x0000029100b29db8]
Event: 5.640 Thread 0x0000029179c70980 2726       3       org.springframework.core.type.classreading.SimpleMethodMetadata::hashCode (8 bytes)
Event: 5.640 Thread 0x0000029179c70980 nmethod 2726 0x0000029100b29f10 code [0x0000029100b2a0c0, 0x0000029100b2a288]

GC Heap History (6 events):
Event: 3.438 GC heap before
{Heap before GC invocations=0 (full 0):
 garbage-first heap   total 131072K, used 21504K [0x0000000081c00000, 0x0000000100000000)
  region size 1024K, 21 young (21504K), 0 survivors (0K)
 Metaspace       used 5297K, committed 5376K, reserved 1056768K
  class space    used 598K, committed 640K, reserved 1048576K
}
Event: 3.445 GC heap after
{Heap after GC invocations=1 (full 0):
 garbage-first heap   total 131072K, used 6886K [0x0000000081c00000, 0x0000000100000000)
  region size 1024K, 3 young (3072K), 3 survivors (3072K)
 Metaspace       used 5297K, committed 5376K, reserved 1056768K
  class space    used 598K, committed 640K, reserved 1048576K
}
Event: 4.114 GC heap before
{Heap before GC invocations=1 (full 0):
 garbage-first heap   total 131072K, used 25318K [0x0000000081c00000, 0x0000000100000000)
  region size 1024K, 22 young (22528K), 3 survivors (3072K)
 Metaspace       used 10372K, committed 10560K, reserved 1064960K
  class space    used 1274K, committed 1344K, reserved 1048576K
}
Event: 4.118 GC heap after
{Heap after GC invocations=2 (full 0):
 garbage-first heap   total 131072K, used 8372K [0x0000000081c00000, 0x0000000100000000)
  region size 1024K, 2 young (2048K), 2 survivors (2048K)
 Metaspace       used 10372K, committed 10560K, reserved 1064960K
  class space    used 1274K, committed 1344K, reserved 1048576K
}
Event: 4.479 GC heap before
{Heap before GC invocations=2 (full 0):
 garbage-first heap   total 131072K, used 52404K [0x0000000081c00000, 0x0000000100000000)
  region size 1024K, 46 young (47104K), 2 survivors (2048K)
 Metaspace       used 14679K, committed 14848K, reserved 1064960K
  class space    used 1817K, committed 1920K, reserved 1048576K
}
Event: 4.482 GC heap after
{Heap after GC invocations=3 (full 0):
 garbage-first heap   total 131072K, used 9369K [0x0000000081c00000, 0x0000000100000000)
  region size 1024K, 3 young (3072K), 3 survivors (3072K)
 Metaspace       used 14679K, committed 14848K, reserved 1064960K
  class space    used 1817K, committed 1920K, reserved 1048576K
}

Deoptimization events (20 events):
Event: 5.449 Thread 0x0000029168dccc90 DEOPT PACKING pc=0x0000029107b71780 sp=0x000000ba1ddfdb40
Event: 5.449 Thread 0x0000029168dccc90 DEOPT UNPACKING pc=0x00000291000523a3 sp=0x000000ba1ddfdb28 mode 2
Event: 5.464 Thread 0x0000029168dccc90 DEOPT PACKING pc=0x0000029100971da4 sp=0x000000ba1ddfd860
Event: 5.464 Thread 0x0000029168dccc90 DEOPT UNPACKING pc=0x0000029100052b43 sp=0x000000ba1ddfcdb8 mode 0
Event: 5.466 Thread 0x0000029168dccc90 Uncommon trap: trap_request=0xffffffde fr.pc=0x0000029107bb7934 relative=0x00000000000007d4
Event: 5.466 Thread 0x0000029168dccc90 Uncommon trap: reason=class_check action=maybe_recompile pc=0x0000029107bb7934 method=org.springframework.util.ConcurrentReferenceHashMap$Segment.findInChain(Lorg/springframework/util/ConcurrentReferenceHashMap$Reference;Ljava/lang/Object;I)Lorg/springfra
Event: 5.466 Thread 0x0000029168dccc90 DEOPT PACKING pc=0x0000029107bb7934 sp=0x000000ba1ddfe690
Event: 5.466 Thread 0x0000029168dccc90 DEOPT UNPACKING pc=0x00000291000523a3 sp=0x000000ba1ddfe540 mode 2
Event: 5.466 Thread 0x0000029168dccc90 Uncommon trap: trap_request=0xffffffde fr.pc=0x0000029107bcae10 relative=0x00000000000000f0
Event: 5.466 Thread 0x0000029168dccc90 Uncommon trap: reason=class_check action=maybe_recompile pc=0x0000029107bcae10 method=org.springframework.util.ConcurrentReferenceHashMap.get(Ljava/lang/Object;)Ljava/lang/Object; @ 14 c2
Event: 5.466 Thread 0x0000029168dccc90 DEOPT PACKING pc=0x0000029107bcae10 sp=0x000000ba1ddfe710
Event: 5.466 Thread 0x0000029168dccc90 DEOPT UNPACKING pc=0x00000291000523a3 sp=0x000000ba1ddfe6a0 mode 2
Event: 5.521 Thread 0x0000029168dccc90 Uncommon trap: trap_request=0xffffff45 fr.pc=0x0000029107be1e80 relative=0x0000000000002900
Event: 5.521 Thread 0x0000029168dccc90 Uncommon trap: reason=unstable_if action=reinterpret pc=0x0000029107be1e80 method=org.springframework.beans.factory.support.AbstractBeanFactory.isTypeMatch(Ljava/lang/String;Lorg/springframework/core/ResolvableType;Z)Z @ 466 c2
Event: 5.521 Thread 0x0000029168dccc90 DEOPT PACKING pc=0x0000029107be1e80 sp=0x000000ba1ddfe5b0
Event: 5.521 Thread 0x0000029168dccc90 DEOPT UNPACKING pc=0x00000291000523a3 sp=0x000000ba1ddfe578 mode 2
Event: 5.578 Thread 0x0000029168dccc90 DEOPT PACKING pc=0x0000029100aa9608 sp=0x000000ba1ddfd3e0
Event: 5.578 Thread 0x0000029168dccc90 DEOPT UNPACKING pc=0x0000029100052b43 sp=0x000000ba1ddfc8e8 mode 0
Event: 5.648 Thread 0x0000029168dccc90 DEOPT PACKING pc=0x0000029100aa9608 sp=0x000000ba1ddfaa80
Event: 5.648 Thread 0x0000029168dccc90 DEOPT UNPACKING pc=0x0000029100052b43 sp=0x000000ba1ddf9f88 mode 0

Classes unloaded (0 events):
No events

Classes redefined (0 events):
No events

Internal exceptions (20 events):
Event: 4.268 Thread 0x0000029168dccc90 Exception <a 'java/lang/ClassNotFoundException'{0x00000000891aaf50}: org/springframework/beans/factory/config/BeanFactoryPostProcessorCustomizer> (0x00000000891aaf50) 
thrown [t:\workspace\open\src\hotspot\share\classfile\systemDictionary.cpp, line 256]
Event: 4.269 Thread 0x0000029168dccc90 Exception <a 'java/lang/ClassNotFoundException'{0x00000000891af4c8}: org/springframework/core/PriorityOrderedCustomizer> (0x00000000891af4c8) 
thrown [t:\workspace\open\src\hotspot\share\classfile\systemDictionary.cpp, line 256]
Event: 4.269 Thread 0x0000029168dccc90 Exception <a 'java/lang/ClassNotFoundException'{0x00000000891b26b8}: org/springframework/core/OrderedCustomizer> (0x00000000891b26b8) 
thrown [t:\workspace\open\src\hotspot\share\classfile\systemDictionary.cpp, line 256]
Event: 4.269 Thread 0x0000029168dccc90 Exception <a 'java/lang/ClassNotFoundException'{0x00000000891b6aa0}: org/springframework/context/ResourceLoaderAwareCustomizer> (0x00000000891b6aa0) 
thrown [t:\workspace\open\src\hotspot\share\classfile\systemDictionary.cpp, line 256]
Event: 4.270 Thread 0x0000029168dccc90 Exception <a 'java/lang/ClassNotFoundException'{0x00000000891bb000}: org/springframework/beans/factory/AwareCustomizer> (0x00000000891bb000) 
thrown [t:\workspace\open\src\hotspot\share\classfile\systemDictionary.cpp, line 256]
Event: 4.270 Thread 0x0000029168dccc90 Exception <a 'java/lang/ClassNotFoundException'{0x00000000891be518}: org/springframework/context/ApplicationStartupAwareCustomizer> (0x00000000891be518) 
thrown [t:\workspace\open\src\hotspot\share\classfile\systemDictionary.cpp, line 256]
Event: 4.270 Thread 0x0000029168dccc90 Exception <a 'java/lang/ClassNotFoundException'{0x00000000891c2d00}: org/springframework/beans/factory/AwareCustomizer> (0x00000000891c2d00) 
thrown [t:\workspace\open\src\hotspot\share\classfile\systemDictionary.cpp, line 256]
Event: 4.270 Thread 0x0000029168dccc90 Exception <a 'java/lang/ClassNotFoundException'{0x00000000891c6260}: org/springframework/beans/factory/BeanClassLoaderAwareCustomizer> (0x00000000891c6260) 
thrown [t:\workspace\open\src\hotspot\share\classfile\systemDictionary.cpp, line 256]
Event: 4.271 Thread 0x0000029168dccc90 Exception <a 'java/lang/ClassNotFoundException'{0x00000000891ca7a8}: org/springframework/beans/factory/AwareCustomizer> (0x00000000891ca7a8) 
thrown [t:\workspace\open\src\hotspot\share\classfile\systemDictionary.cpp, line 256]
Event: 4.271 Thread 0x0000029168dccc90 Exception <a 'java/lang/ClassNotFoundException'{0x00000000891cdaf8}: org/springframework/context/EnvironmentAwareCustomizer> (0x00000000891cdaf8) 
thrown [t:\workspace\open\src\hotspot\share\classfile\systemDictionary.cpp, line 256]
Event: 4.271 Thread 0x0000029168dccc90 Exception <a 'java/lang/ClassNotFoundException'{0x00000000891d1fd8}: org/springframework/beans/factory/AwareCustomizer> (0x00000000891d1fd8) 
thrown [t:\workspace\open\src\hotspot\share\classfile\systemDictionary.cpp, line 256]
Event: 4.278 Thread 0x000002917b454dd0 Exception <a 'java/lang/NoSuchMethodError'{0x0000000088fc3040}: 'long java.lang.invoke.DirectMethodHandle$Holder.invokeSpecial(java.lang.Object, java.lang.Object)'> (0x0000000088fc3040) 
thrown [t:\workspace\open\src\hotspot\share\interpreter\linkResolver.cpp, line 766]
Event: 4.279 Thread 0x000002917b454dd0 Exception <a 'java/lang/NoSuchMethodError'{0x0000000088fcdf10}: 'long java.lang.invoke.DirectMethodHandle$Holder.invokeStatic(java.lang.Object, java.lang.Object)'> (0x0000000088fcdf10) 
thrown [t:\workspace\open\src\hotspot\share\interpreter\linkResolver.cpp, line 766]
Event: 4.279 Thread 0x000002917b454dd0 Exception <a 'java/lang/NoSuchMethodError'{0x0000000088fd1510}: 'long java.lang.invoke.DirectMethodHandle$Holder.invokeStaticInit(java.lang.Object, java.lang.Object)'> (0x0000000088fd1510) 
thrown [t:\workspace\open\src\hotspot\share\interpreter\linkResolver.cpp, line 766]
Event: 4.280 Thread 0x000002917b454dd0 Exception <a 'java/lang/NoSuchMethodError'{0x0000000088e0c270}: 'long java.lang.invoke.DirectMethodHandle$Holder.invokeInterface(java.lang.Object, java.lang.Object)'> (0x0000000088e0c270) 
thrown [t:\workspace\open\src\hotspot\share\interpreter\linkResolver.cpp, line 766]
Event: 4.280 Thread 0x000002917b454dd0 Exception <a 'java/lang/IncompatibleClassChangeError'{0x0000000088e0f800}: Found class java.lang.Object, but interface was expected> (0x0000000088e0f800) 
thrown [t:\workspace\open\src\hotspot\share\interpreter\linkResolver.cpp, line 833]
Event: 4.289 Thread 0x000002917b454dd0 Exception <a 'java/lang/NoSuchMethodError'{0x0000000088ef0b78}: 'java.lang.Object java.lang.invoke.DirectMethodHandle$Holder.invokeVirtual(java.lang.Object, java.lang.Object, java.lang.Object, java.lang.Object)'> (0x0000000088ef0b78) 
thrown [t:\workspace\open\src\hotspot\share\interpreter\linkResolver.cpp, line 766]
Event: 4.741 Thread 0x0000029168dccc90 Exception <a 'java/lang/IncompatibleClassChangeError'{0x00000000890f9450}: Found class java.lang.Object, but interface was expected> (0x00000000890f9450) 
thrown [t:\workspace\open\src\hotspot\share\interpreter\linkResolver.cpp, line 833]
Event: 4.801 Thread 0x0000029168dccc90 Exception <a 'java/lang/NoSuchMethodError'{0x0000000088e604b8}: 'void java.lang.invoke.DirectMethodHandle$Holder.invokeInterface(java.lang.Object, java.lang.Object, java.lang.Object, java.lang.Object)'> (0x0000000088e604b8) 
thrown [t:\workspace\open\src\hotspot\share\interpreter\linkResolver.cpp, line 766]
Event: 5.481 Thread 0x0000029168dccc90 Exception <a 'java/lang/NoSuchMethodError'{0x000000008794c2f0}: 'java.lang.Object java.lang.invoke.DirectMethodHandle$Holder.invokeStatic(java.lang.Object, java.lang.Object, java.lang.Object, java.lang.Object, int)'> (0x000000008794c2f0) 
thrown [t:\workspace\open\src\hotspot\share\interpreter\linkResolver.cpp, line 766]

VM Operations (20 events):
Event: 3.787 Executing VM operation: HandshakeAllThreads
Event: 3.787 Executing VM operation: HandshakeAllThreads done
Event: 3.788 Executing VM operation: HandshakeAllThreads
Event: 3.788 Executing VM operation: HandshakeAllThreads done
Event: 4.099 Executing VM operation: G1CollectForAllocation
Event: 4.118 Executing VM operation: G1CollectForAllocation done
Event: 4.283 Executing VM operation: HandshakeAllThreads
Event: 4.283 Executing VM operation: HandshakeAllThreads done
Event: 4.479 Executing VM operation: G1CollectForAllocation
Event: 4.482 Executing VM operation: G1CollectForAllocation done
Event: 5.089 Executing VM operation: ICBufferFull
Event: 5.089 Executing VM operation: ICBufferFull done
Event: 5.113 Executing VM operation: HandshakeAllThreads
Event: 5.113 Executing VM operation: HandshakeAllThreads done
Event: 5.430 Executing VM operation: ICBufferFull
Event: 5.430 Executing VM operation: ICBufferFull done
Event: 5.464 Executing VM operation: HandshakeAllThreads
Event: 5.464 Executing VM operation: HandshakeAllThreads done
Event: 5.520 Executing VM operation: HandshakeAllThreads
Event: 5.520 Executing VM operation: HandshakeAllThreads done

Events (20 events):
Event: 5.340 loading class java/lang/UnsupportedClassVersionError
Event: 5.340 loading class java/lang/ClassFormatError
Event: 5.352 loading class java/lang/ClassFormatError done
Event: 5.352 loading class java/lang/UnsupportedClassVersionError done
Event: 5.468 loading class java/util/stream/Streams$RangeIntSpliterator
Event: 5.480 loading class java/util/stream/Streams$RangeIntSpliterator done
Event: 5.482 loading class java/util/stream/IntPipeline$1
Event: 5.485 loading class java/util/stream/IntPipeline$1 done
Event: 5.486 loading class java/util/stream/IntPipeline$1$1
Event: 5.486 loading class java/util/stream/IntPipeline$1$1 done
Event: 5.502 loading class java/util/stream/Streams$ConcatSpliterator$OfRef
Event: 5.502 loading class java/util/stream/Streams$ConcatSpliterator
Event: 5.502 loading class java/util/stream/Streams$ConcatSpliterator done
Event: 5.502 loading class java/util/stream/Streams$ConcatSpliterator$OfRef done
Event: 5.502 loading class java/util/stream/Streams$2
Event: 5.502 loading class java/util/stream/Streams$2 done
Event: 5.518 loading class java/util/stream/ReferencePipeline$15
Event: 5.518 loading class java/util/stream/ReferencePipeline$15 done
Event: 5.519 loading class java/util/stream/ReferencePipeline$15$1
Event: 5.519 loading class java/util/stream/ReferencePipeline$15$1 done


Dynamic libraries:
0x00007ff601e10000 - 0x00007ff601e1e000 	C:\Users\steve\.jdks\openjdk-17.0.1\bin\java.exe
0x00007ff972a70000 - 0x00007ff972c65000 	C:\WINDOWS\SYSTEM32\ntdll.dll
0x00007ff951b00000 - 0x00007ff951b16000 	C:\Program Files\AVG\Antivirus\aswhook.dll
0x00007ff972620000 - 0x00007ff9726de000 	C:\WINDOWS\System32\KERNEL32.DLL
0x00007ff9703d0000 - 0x00007ff970698000 	C:\WINDOWS\System32\KERNELBASE.dll
0x00007ff9706a0000 - 0x00007ff9707a0000 	C:\WINDOWS\System32\ucrtbase.dll
0x00007ff959930000 - 0x00007ff959948000 	C:\Users\steve\.jdks\openjdk-17.0.1\bin\jli.dll
0x00007ff971ab0000 - 0x00007ff971c51000 	C:\WINDOWS\System32\USER32.dll
0x00007ff970a30000 - 0x00007ff970a52000 	C:\WINDOWS\System32\win32u.dll
0x00007ff971ea0000 - 0x00007ff971ecb000 	C:\WINDOWS\System32\GDI32.dll
0x00007ff9701b0000 - 0x00007ff9702bd000 	C:\WINDOWS\System32\gdi32full.dll
0x00007ff970990000 - 0x00007ff970a2d000 	C:\WINDOWS\System32\msvcp_win.dll
0x00007ff9598f0000 - 0x00007ff95990a000 	C:\Users\steve\.jdks\openjdk-17.0.1\bin\VCRUNTIME140.dll
0x00007ff94e150000 - 0x00007ff94e3ea000 	C:\WINDOWS\WinSxS\amd64_microsoft.windows.common-controls_6595b64144ccf1df_6.0.19041.1110_none_60b5254171f9507e\COMCTL32.dll
0x00007ff971130000 - 0x00007ff9711ce000 	C:\WINDOWS\System32\msvcrt.dll
0x00007ff9726e0000 - 0x00007ff972710000 	C:\WINDOWS\System32\IMM32.DLL
0x00007ff958d70000 - 0x00007ff958e88000 	C:\Program Files (x86)\Citrix\ICA Client\epclient64.dll
0x00007ff9693e0000 - 0x00007ff9693ea000 	C:\WINDOWS\SYSTEM32\VERSION.dll
0x00007ff970ab0000 - 0x00007ff970b5c000 	C:\WINDOWS\System32\ADVAPI32.dll
0x00007ff970f60000 - 0x00007ff970ffb000 	C:\WINDOWS\System32\sechost.dll
0x00007ff971000000 - 0x00007ff97112a000 	C:\WINDOWS\System32\RPCRT4.dll
0x00007ff96ee40000 - 0x00007ff96ee73000 	C:\WINDOWS\SYSTEM32\ntmarta.dll
0x00007ff968110000 - 0x00007ff96811c000 	C:\Users\steve\.jdks\openjdk-17.0.1\bin\vcruntime140_1.dll
0x00007ff930ed0000 - 0x00007ff930f5d000 	C:\Users\steve\.jdks\openjdk-17.0.1\bin\msvcp140.dll
0x00007ff90df00000 - 0x00007ff90eabe000 	C:\Users\steve\.jdks\openjdk-17.0.1\bin\server\jvm.dll
0x00007ff970ef0000 - 0x00007ff970ef8000 	C:\WINDOWS\System32\PSAPI.DLL
0x00007ff9607c0000 - 0x00007ff9607c9000 	C:\WINDOWS\SYSTEM32\WSOCK32.dll
0x00007ff971a30000 - 0x00007ff971a9b000 	C:\WINDOWS\System32\WS2_32.dll
0x00007ff95efb0000 - 0x00007ff95efd7000 	C:\WINDOWS\SYSTEM32\WINMM.dll
0x00007ff96ecb0000 - 0x00007ff96ecc2000 	C:\WINDOWS\SYSTEM32\kernel.appcore.dll
0x00007ff966e80000 - 0x00007ff966e8a000 	C:\Users\steve\.jdks\openjdk-17.0.1\bin\jimage.dll
0x00007ff96e580000 - 0x00007ff96e764000 	C:\WINDOWS\SYSTEM32\DBGHELP.DLL
0x00007ff968b40000 - 0x00007ff968b6c000 	C:\WINDOWS\SYSTEM32\dbgcore.DLL
0x0000029168e90000 - 0x0000029168f12000 	C:\WINDOWS\System32\bcryptPrimitives.dll
0x00007ff96b690000 - 0x00007ff96b69e000 	C:\Users\steve\.jdks\openjdk-17.0.1\bin\instrument.dll
0x00007ff9591a0000 - 0x00007ff9591c5000 	C:\Users\steve\.jdks\openjdk-17.0.1\bin\java.dll
0x00007ff92d030000 - 0x00007ff92d106000 	C:\Users\steve\.jdks\openjdk-17.0.1\bin\svml.dll
0x00007ff971ed0000 - 0x00007ff972614000 	C:\WINDOWS\System32\SHELL32.dll
0x00007ff96dd10000 - 0x00007ff96e4a4000 	C:\WINDOWS\SYSTEM32\windows.storage.dll
0x00007ff9716d0000 - 0x00007ff971a25000 	C:\WINDOWS\System32\combase.dll
0x00007ff96fb00000 - 0x00007ff96fb2e000 	C:\WINDOWS\SYSTEM32\Wldp.dll
0x0000029179cc0000 - 0x0000029179d6d000 	C:\WINDOWS\System32\SHCORE.dll
0x00007ff970d60000 - 0x00007ff970db5000 	C:\WINDOWS\System32\shlwapi.dll
0x00007ff9700c0000 - 0x00007ff9700df000 	C:\WINDOWS\SYSTEM32\profapi.dll
0x00007ff954f20000 - 0x00007ff954f38000 	C:\Users\steve\.jdks\openjdk-17.0.1\bin\zip.dll
0x00007ff9551e0000 - 0x00007ff9551f9000 	C:\Users\steve\.jdks\openjdk-17.0.1\bin\net.dll
0x00007ff967400000 - 0x00007ff96750c000 	C:\WINDOWS\SYSTEM32\WINHTTP.dll
0x00007ff96f860000 - 0x00007ff96f8ca000 	C:\WINDOWS\system32\mswsock.dll
0x00007ff954f40000 - 0x00007ff954f55000 	C:\Users\steve\.jdks\openjdk-17.0.1\bin\nio.dll
0x00007ff957740000 - 0x00007ff95775a000 	C:\Program Files\JetBrains\IntelliJ IDEA Community Edition 2021.3\bin\breakgen64.dll
0x00007ff95c180000 - 0x00007ff95c190000 	C:\Users\steve\.jdks\openjdk-17.0.1\bin\verify.dll
0x00007ff96b650000 - 0x00007ff96b659000 	C:\Users\steve\.jdks\openjdk-17.0.1\bin\management.dll
0x00007ff96a520000 - 0x00007ff96a52b000 	C:\Users\steve\.jdks\openjdk-17.0.1\bin\management_ext.dll
0x00007ff959910000 - 0x00007ff959927000 	C:\WINDOWS\system32\napinsp.dll
0x00007ff959820000 - 0x00007ff95983b000 	C:\WINDOWS\system32\pnrpnsp.dll
0x00007ff96a750000 - 0x00007ff96a765000 	C:\WINDOWS\system32\wshbth.dll
0x00007ff96b530000 - 0x00007ff96b54d000 	C:\WINDOWS\system32\NLAapi.dll
0x00007ff96f550000 - 0x00007ff96f58b000 	C:\WINDOWS\SYSTEM32\IPHLPAPI.DLL
0x00007ff96f590000 - 0x00007ff96f65b000 	C:\WINDOWS\SYSTEM32\DNSAPI.dll
0x00007ff972710000 - 0x00007ff972718000 	C:\WINDOWS\System32\NSI.dll
0x00007ff9595a0000 - 0x00007ff9595b2000 	C:\WINDOWS\System32\winrnr.dll
0x00007ff968c70000 - 0x00007ff968c7a000 	C:\Windows\System32\rasadhlp.dll
0x00007ff967380000 - 0x00007ff9673ff000 	C:\WINDOWS\System32\fwpuclnt.dll
0x00007ff970180000 - 0x00007ff9701a7000 	C:\WINDOWS\System32\bcrypt.dll

dbghelp: loaded successfully - version: 4.0.5 - missing functions: none
symbol engine: initialized successfully - sym options: 0x614 - pdb path: .;C:\Users\steve\.jdks\openjdk-17.0.1\bin;C:\WINDOWS\SYSTEM32;C:\Program Files\AVG\Antivirus;C:\WINDOWS\WinSxS\amd64_microsoft.windows.common-controls_6595b64144ccf1df_6.0.19041.1110_none_60b5254171f9507e;C:\Program Files (x86)\Citrix\ICA Client;C:\Users\steve\.jdks\openjdk-17.0.1\bin\server;C:\Program Files\JetBrains\IntelliJ IDEA Community Edition 2021.3\bin

VM Arguments:
jvm_args: -javaagent:C:\Program Files\JetBrains\IntelliJ IDEA Community Edition 2021.3\lib\idea_rt.jar=61123:C:\Program Files\JetBrains\IntelliJ IDEA Community Edition 2021.3\bin -Dfile.encoding=UTF-8 
java_command: com.example.demo.MyWebAppApplication
java_class_path (initial): C:\Users\steve\IdeaProjects\demo\demo\target\classes;C:\Users\steve\.m2\repository\org\springframework\boot\spring-boot-starter-web\2.6.1\spring-boot-starter-web-2.6.1.jar;C:\Users\steve\.m2\repository\org\springframework\boot\spring-boot-starter\2.6.1\spring-boot-starter-2.6.1.jar;C:\Users\steve\.m2\repository\org\springframework\boot\spring-boot\2.6.1\spring-boot-2.6.1.jar;C:\Users\steve\.m2\repository\org\springframework\boot\spring-boot-autoconfigure\2.6.1\spring-boot-autoconfigure-2.6.1.jar;C:\Users\steve\.m2\repository\org\springframework\boot\spring-boot-starter-logging\2.6.1\spring-boot-starter-logging-2.6.1.jar;C:\Users\steve\.m2\repository\ch\qos\logback\logback-classic\1.2.7\logback-classic-1.2.7.jar;C:\Users\steve\.m2\repository\ch\qos\logback\logback-core\1.2.7\logback-core-1.2.7.jar;C:\Users\steve\.m2\repository\org\apache\logging\log4j\log4j-to-slf4j\2.14.1\log4j-to-slf4j-2.14.1.jar;C:\Users\steve\.m2\repository\org\apache\logging\log4j\log4j-api\2.14.1\log4j-api-2.14.1.jar;C:\Users\steve\.m2\repository\org\slf4j\jul-to-slf4j\1.7.32\jul-to-slf4j-1.7.32.jar;C:\Users\steve\.m2\repository\jakarta\annotation\jakarta.annotation-api\1.3.5\jakarta.annotation-api-1.3.5.jar;C:\Users\steve\.m2\repository\org\yaml\snakeyaml\1.29\snakeyaml-1.29.jar;C:\Users\steve\.m2\repository\org\springframework\boot\spring-boot-starter-json\2.6.1\spring-boot-starter-json-2.6.1.jar;C:\Users\steve\.m2\repository\com\fasterxml\jackson\core\jackson-databind\2.13.0\jackson-databind-2.13.0.jar;C:\Users\steve\.m2\repository\com\fasterxml\jackson\core\jackson-annotations\2.13.0\jackson-annotations-2.13.0.jar;C:\Users\steve\.m2\repository\com\fasterxml\jackson\core\jackson-core\2.13.0\jackson-core-2.13.0.jar;C:\Users\steve\.m2\repository\com\fasterxml\jackson\datatype\jackson-datatype-jdk8\2.13.0\jackson-datatype-jdk8-2.13.0.jar;C:\Users\steve\.m2\repository\com\fasterxml\jackson\datatype\jackson-datatype-jsr310\2.13.0\jackson-datatype-jsr310-2.13.0.jar;C:\
Launcher Type: SUN_STANDARD

[Global flags]
     intx CICompilerCount                          = 3                                         {product} {ergonomic}
     uint ConcGCThreads                            = 2                                         {product} {ergonomic}
     uint G1ConcRefinementThreads                  = 6                                         {product} {ergonomic}
   size_t G1HeapRegionSize                         = 1048576                                   {product} {ergonomic}
    uintx GCDrainStackTargetSize                   = 64                                        {product} {ergonomic}
   size_t InitialHeapSize                          = 134217728                                 {product} {ergonomic}
   size_t MarkStackSize                            = 4194304                                   {product} {ergonomic}
   size_t MaxHeapSize                              = 2118123520                                {product} {ergonomic}
   size_t MaxNewSize                               = 1270874112                                {product} {ergonomic}
   size_t MinHeapDeltaBytes                        = 1048576                                   {product} {ergonomic}
   size_t MinHeapSize                              = 8388608                                   {product} {ergonomic}
    uintx NonNMethodCodeHeapSize                   = 5832780                                {pd product} {ergonomic}
    uintx NonProfiledCodeHeapSize                  = 122912730                              {pd product} {ergonomic}
    uintx ProfiledCodeHeapSize                     = 122912730                              {pd product} {ergonomic}
    uintx ReservedCodeCacheSize                    = 251658240                              {pd product} {ergonomic}
     bool SegmentedCodeCache                       = true                                      {product} {ergonomic}
   size_t SoftMaxHeapSize                          = 2118123520                             {manageable} {ergonomic}
     bool UseCompressedClassPointers               = true                           {product lp64_product} {ergonomic}
     bool UseCompressedOops                        = true                           {product lp64_product} {ergonomic}
     bool UseG1GC                                  = true                                      {product} {ergonomic}
     bool UseLargePagesIndividualAllocation        = false                                  {pd product} {ergonomic}

Logging:
Log output configuration:
 #0: stdout all=warning uptime,level,tags
 #1: stderr all=off uptime,level,tags

Environment Variables:
PATH=C:\Program Files (x86)\Intel\Intel(R) Management Engine Components\iCLS\;C:\Program Files\Intel\Intel(R) Management Engine Components\iCLS\;C:\WINDOWS\system32;C:\WINDOWS;C:\WINDOWS\System32\Wbem;C:\WINDOWS\System32\WindowsPowerShell\v1.0\;C:\WINDOWS\System32\OpenSSH\;C:\Program Files\Intel\WiFi\bin\;C:\Program Files\Common Files\Intel\WirelessCommon\;C:\Program Files (x86)\Intel\Intel(R) Management Engine Components\DAL;C:\Program Files\Intel\Intel(R) Management Engine Components\DAL;C:\Program Files (x86)\Intel\Intel(R) Management Engine Components\IPT;C:\Program Files\Intel\Intel(R) Management Engine Components\IPT;C:\Program Files\Git\cmd;C:\Program Files\nodejs\;C:\Users\steve\AppData\Local\Microsoft\WindowsApps;;C:\Users\steve\AppData\Local\Programs\Microsoft VS Code\bin;C:\Users\steve\AppData\Roaming\npm
USERNAME=steve
OS=Windows_NT
PROCESSOR_IDENTIFIER=Intel64 Family 6 Model 158 Stepping 10, GenuineIntel



---------------  S Y S T E M  ---------------

OS:
 Windows 10 , 64 bit Build 19041 (10.0.19041.1348)
OS uptime: 0 days 23:36 hours

CPU: total 6 (initial active 6) (6 cores per cpu, 1 threads per core) family 6 model 158 stepping 10 microcode 0xb4, cx8, cmov, fxsr, mmx, 3dnowpref, sse, sse2, sse3, ssse3, sse4.1, sse4.2, popcnt, lzcnt, tsc, tscinvbit, avx, avx2, erms, clmul, bmi1, bmi2, adx, fma, vzeroupper, clflush, clflushopt

Memory: 4k page, system-wide physical 8078M (769M free)
TotalPageFile size 8078M (AvailPageFile size 4M)
current process WorkingSet (physical memory assigned to process): 161M, peak: 161M
current process commit charge ("private bytes"): 275M, peak: 275M

vm_info: OpenJDK 64-Bit Server VM (17.0.1+12-39) for windows-amd64 JRE (17.0.1+12-39), built on Sep 27 2021 18:39:29 by "mach5one" with MS VC++ 16.8 (VS2019)

END.
